2026-03-29 19:59:54 | INFO | Architecture tuning benchmark config loaded: D:\Projects\TS_fcst\configs\architecture_tuning_lstm_v1.yaml
2026-03-29 19:59:54 | INFO | architecture_tuning_benchmark start run_id=architecture_tuning_lstm_v1_20260329T165954Z
2026-03-29 19:59:54 | INFO | config_path=D:\Projects\TS_fcst\configs\architecture_tuning_lstm_v1.yaml
2026-03-29 19:59:54 | INFO | external_data_dir=D:\Projects\Data\Stocks\us\ETFs
2026-03-29 19:59:54 | INFO | sample_size=12 random_seed=20260329
2026-03-29 19:59:54 | INFO | found_csv_files=1344
2026-03-29 19:59:54 | INFO | selected_files=12
2026-03-29 19:59:54 | INFO | selected_files_list=afk.us.txt; dwm.us.txt; effe.us.txt; fdis.us.txt; iyg.us.txt; jkf.us.txt; jkh.us.txt; mlpg.us.txt; oil.us.txt; qdyn.us.txt; rth.us.txt; silj.us.txt
2026-03-29 19:59:54 | INFO | models=lstm_forecast, chaotic_lstm_forecast
2026-03-29 19:59:54 | INFO | horizons=1, 5, 20
2026-03-29 19:59:55 | INFO | candidate_start model=lstm_forecast candidate_id=lstm_g001 compare_group_id=lstm_grp_001
2026-03-29 19:59:56 | WARNING | candidate_fold_error model=lstm_forecast candidate=lstm_g001 series=afk.us horizon=1 fold=1 err=input.size(-1) must be equal to input_size. Expected 64, got 1
2026-03-29 19:59:56 | WARNING | candidate_fold_error model=lstm_forecast candidate=lstm_g001 series=afk.us horizon=5 fold=1 err=input.size(-1) must be equal to input_size. Expected 32, got 1
2026-03-29 19:59:56 | WARNING | candidate_fold_error model=lstm_forecast candidate=lstm_g001 series=afk.us horizon=20 fold=1 err=input.size(-1) must be equal to input_size. Expected 16, got 1
2026-03-29 19:59:56 | WARNING | candidate_fold_error model=lstm_forecast candidate=lstm_g001 series=dwm.us horizon=1 fold=1 err=input.size(-1) must be equal to input_size. Expected 64, got 1
2026-03-29 19:59:56 | WARNING | candidate_fold_error model=lstm_forecast candidate=lstm_g001 series=dwm.us horizon=5 fold=1 err=input.size(-1) must be equal to input_size. Expected 32, got 1
2026-03-29 19:59:56 | WARNING | candidate_fold_error model=lstm_forecast candidate=lstm_g001 series=dwm.us horizon=20 fold=1 err=input.size(-1) must be equal to input_size. Expected 16, got 1
2026-03-29 19:59:56 | WARNING | candidate_fold_error model=lstm_forecast candidate=lstm_g001 series=effe.us horizon=1 fold=1 err=input.size(-1) must be equal to input_size. Expected 64, got 1
2026-03-29 19:59:56 | WARNING | candidate_fold_error model=lstm_forecast candidate=lstm_g001 series=effe.us horizon=5 fold=1 err=input.size(-1) must be equal to input_size. Expected 32, got 1
2026-03-29 19:59:56 | WARNING | candidate_fold_error model=lstm_forecast candidate=lstm_g001 series=effe.us horizon=20 fold=1 err=input.size(-1) must be equal to input_size. Expected 16, got 1
2026-03-29 19:59:56 | WARNING | candidate_fold_error model=lstm_forecast candidate=lstm_g001 series=fdis.us horizon=1 fold=1 err=input.size(-1) must be equal to input_size. Expected 64, got 1
2026-03-29 19:59:56 | WARNING | candidate_fold_error model=lstm_forecast candidate=lstm_g001 series=fdis.us horizon=5 fold=1 err=input.size(-1) must be equal to input_size. Expected 32, got 1
2026-03-29 19:59:56 | WARNING | candidate_fold_error model=lstm_forecast candidate=lstm_g001 series=fdis.us horizon=20 fold=1 err=input.size(-1) must be equal to input_size. Expected 16, got 1
2026-03-29 19:59:56 | WARNING | candidate_fold_error model=lstm_forecast candidate=lstm_g001 series=iyg.us horizon=1 fold=1 err=input.size(-1) must be equal to input_size. Expected 64, got 1
2026-03-29 19:59:56 | WARNING | candidate_fold_error model=lstm_forecast candidate=lstm_g001 series=iyg.us horizon=5 fold=1 err=input.size(-1) must be equal to input_size. Expected 32, got 1
2026-03-29 19:59:56 | WARNING | candidate_fold_error model=lstm_forecast candidate=lstm_g001 series=iyg.us horizon=20 fold=1 err=input.size(-1) must be equal to input_size. Expected 16, got 1
2026-03-29 19:59:56 | WARNING | candidate_fold_error model=lstm_forecast candidate=lstm_g001 series=jkf.us horizon=1 fold=1 err=input.size(-1) must be equal to input_size. Expected 64, got 1
2026-03-29 19:59:56 | WARNING | candidate_fold_error model=lstm_forecast candidate=lstm_g001 series=jkf.us horizon=5 fold=1 err=input.size(-1) must be equal to input_size. Expected 32, got 1
2026-03-29 19:59:56 | WARNING | candidate_fold_error model=lstm_forecast candidate=lstm_g001 series=jkf.us horizon=20 fold=1 err=input.size(-1) must be equal to input_size. Expected 16, got 1
2026-03-29 19:59:56 | WARNING | candidate_fold_error model=lstm_forecast candidate=lstm_g001 series=jkh.us horizon=1 fold=1 err=input.size(-1) must be equal to input_size. Expected 64, got 1
2026-03-29 19:59:56 | WARNING | candidate_fold_error model=lstm_forecast candidate=lstm_g001 series=jkh.us horizon=5 fold=1 err=input.size(-1) must be equal to input_size. Expected 32, got 1
2026-03-29 19:59:56 | WARNING | candidate_fold_error model=lstm_forecast candidate=lstm_g001 series=jkh.us horizon=20 fold=1 err=input.size(-1) must be equal to input_size. Expected 16, got 1
2026-03-29 19:59:56 | WARNING | candidate_fold_error model=lstm_forecast candidate=lstm_g001 series=mlpg.us horizon=1 fold=1 err=input.size(-1) must be equal to input_size. Expected 64, got 1
2026-03-29 19:59:56 | WARNING | candidate_fold_error model=lstm_forecast candidate=lstm_g001 series=mlpg.us horizon=5 fold=1 err=input.size(-1) must be equal to input_size. Expected 32, got 1
2026-03-29 19:59:56 | WARNING | candidate_fold_error model=lstm_forecast candidate=lstm_g001 series=mlpg.us horizon=20 fold=1 err=input.size(-1) must be equal to input_size. Expected 16, got 1
2026-03-29 19:59:56 | WARNING | candidate_fold_error model=lstm_forecast candidate=lstm_g001 series=oil.us horizon=1 fold=1 err=input.size(-1) must be equal to input_size. Expected 64, got 1
2026-03-29 19:59:56 | WARNING | candidate_fold_error model=lstm_forecast candidate=lstm_g001 series=oil.us horizon=5 fold=1 err=input.size(-1) must be equal to input_size. Expected 32, got 1
2026-03-29 19:59:56 | WARNING | candidate_fold_error model=lstm_forecast candidate=lstm_g001 series=oil.us horizon=20 fold=1 err=input.size(-1) must be equal to input_size. Expected 16, got 1
2026-03-29 19:59:56 | WARNING | candidate_fold_error model=lstm_forecast candidate=lstm_g001 series=qdyn.us horizon=1 fold=1 err=input.size(-1) must be equal to input_size. Expected 64, got 1
2026-03-29 19:59:56 | WARNING | candidate_fold_error model=lstm_forecast candidate=lstm_g001 series=qdyn.us horizon=5 fold=1 err=input.size(-1) must be equal to input_size. Expected 32, got 1
2026-03-29 19:59:56 | WARNING | candidate_fold_error model=lstm_forecast candidate=lstm_g001 series=qdyn.us horizon=20 fold=1 err=input.size(-1) must be equal to input_size. Expected 16, got 1
2026-03-29 19:59:56 | WARNING | candidate_fold_error model=lstm_forecast candidate=lstm_g001 series=rth.us horizon=1 fold=1 err=input.size(-1) must be equal to input_size. Expected 64, got 1
2026-03-29 19:59:56 | WARNING | candidate_fold_error model=lstm_forecast candidate=lstm_g001 series=rth.us horizon=5 fold=1 err=input.size(-1) must be equal to input_size. Expected 32, got 1
2026-03-29 19:59:56 | WARNING | candidate_fold_error model=lstm_forecast candidate=lstm_g001 series=rth.us horizon=20 fold=1 err=input.size(-1) must be equal to input_size. Expected 16, got 1
2026-03-29 19:59:56 | WARNING | candidate_fold_error model=lstm_forecast candidate=lstm_g001 series=silj.us horizon=1 fold=1 err=input.size(-1) must be equal to input_size. Expected 64, got 1
2026-03-29 19:59:56 | WARNING | candidate_fold_error model=lstm_forecast candidate=lstm_g001 series=silj.us horizon=5 fold=1 err=input.size(-1) must be equal to input_size. Expected 32, got 1
2026-03-29 19:59:56 | WARNING | candidate_fold_error model=lstm_forecast candidate=lstm_g001 series=silj.us horizon=20 fold=1 err=input.size(-1) must be equal to input_size. Expected 16, got 1
2026-03-29 19:59:56 | INFO | candidate_done model=lstm_forecast candidate_id=lstm_g001 elapsed=1.44s
2026-03-29 19:59:56 | INFO | candidate_start model=lstm_forecast candidate_id=lstm_g002 compare_group_id=lstm_grp_002
2026-03-29 19:59:56 | WARNING | candidate_fold_error model=lstm_forecast candidate=lstm_g002 series=afk.us horizon=1 fold=1 err=input.size(-1) must be equal to input_size. Expected 64, got 1
2026-03-29 19:59:56 | WARNING | candidate_fold_error model=lstm_forecast candidate=lstm_g002 series=afk.us horizon=5 fold=1 err=input.size(-1) must be equal to input_size. Expected 32, got 1
2026-03-29 19:59:56 | WARNING | candidate_fold_error model=lstm_forecast candidate=lstm_g002 series=afk.us horizon=20 fold=1 err=input.size(-1) must be equal to input_size. Expected 16, got 1
2026-03-29 19:59:56 | WARNING | candidate_fold_error model=lstm_forecast candidate=lstm_g002 series=dwm.us horizon=1 fold=1 err=input.size(-1) must be equal to input_size. Expected 64, got 1
2026-03-29 19:59:56 | WARNING | candidate_fold_error model=lstm_forecast candidate=lstm_g002 series=dwm.us horizon=5 fold=1 err=input.size(-1) must be equal to input_size. Expected 32, got 1
2026-03-29 19:59:56 | WARNING | candidate_fold_error model=lstm_forecast candidate=lstm_g002 series=dwm.us horizon=20 fold=1 err=input.size(-1) must be equal to input_size. Expected 16, got 1
2026-03-29 19:59:56 | WARNING | candidate_fold_error model=lstm_forecast candidate=lstm_g002 series=effe.us horizon=1 fold=1 err=input.size(-1) must be equal to input_size. Expected 64, got 1
2026-03-29 19:59:56 | WARNING | candidate_fold_error model=lstm_forecast candidate=lstm_g002 series=effe.us horizon=5 fold=1 err=input.size(-1) must be equal to input_size. Expected 32, got 1
2026-03-29 19:59:56 | WARNING | candidate_fold_error model=lstm_forecast candidate=lstm_g002 series=effe.us horizon=20 fold=1 err=input.size(-1) must be equal to input_size. Expected 16, got 1
2026-03-29 19:59:56 | WARNING | candidate_fold_error model=lstm_forecast candidate=lstm_g002 series=fdis.us horizon=1 fold=1 err=input.size(-1) must be equal to input_size. Expected 64, got 1
2026-03-29 19:59:56 | WARNING | candidate_fold_error model=lstm_forecast candidate=lstm_g002 series=fdis.us horizon=5 fold=1 err=input.size(-1) must be equal to input_size. Expected 32, got 1
2026-03-29 19:59:56 | WARNING | candidate_fold_error model=lstm_forecast candidate=lstm_g002 series=fdis.us horizon=20 fold=1 err=input.size(-1) must be equal to input_size. Expected 16, got 1
2026-03-29 19:59:56 | WARNING | candidate_fold_error model=lstm_forecast candidate=lstm_g002 series=iyg.us horizon=1 fold=1 err=input.size(-1) must be equal to input_size. Expected 64, got 1
2026-03-29 19:59:56 | WARNING | candidate_fold_error model=lstm_forecast candidate=lstm_g002 series=iyg.us horizon=5 fold=1 err=input.size(-1) must be equal to input_size. Expected 32, got 1
2026-03-29 19:59:56 | WARNING | candidate_fold_error model=lstm_forecast candidate=lstm_g002 series=iyg.us horizon=20 fold=1 err=input.size(-1) must be equal to input_size. Expected 16, got 1
2026-03-29 19:59:56 | WARNING | candidate_fold_error model=lstm_forecast candidate=lstm_g002 series=jkf.us horizon=1 fold=1 err=input.size(-1) must be equal to input_size. Expected 64, got 1
2026-03-29 19:59:56 | WARNING | candidate_fold_error model=lstm_forecast candidate=lstm_g002 series=jkf.us horizon=5 fold=1 err=input.size(-1) must be equal to input_size. Expected 32, got 1
2026-03-29 19:59:56 | WARNING | candidate_fold_error model=lstm_forecast candidate=lstm_g002 series=jkf.us horizon=20 fold=1 err=input.size(-1) must be equal to input_size. Expected 16, got 1
2026-03-29 19:59:56 | WARNING | candidate_fold_error model=lstm_forecast candidate=lstm_g002 series=jkh.us horizon=1 fold=1 err=input.size(-1) must be equal to input_size. Expected 64, got 1
2026-03-29 19:59:56 | WARNING | candidate_fold_error model=lstm_forecast candidate=lstm_g002 series=jkh.us horizon=5 fold=1 err=input.size(-1) must be equal to input_size. Expected 32, got 1
2026-03-29 19:59:56 | WARNING | candidate_fold_error model=lstm_forecast candidate=lstm_g002 series=jkh.us horizon=20 fold=1 err=input.size(-1) must be equal to input_size. Expected 16, got 1
2026-03-29 19:59:56 | WARNING | candidate_fold_error model=lstm_forecast candidate=lstm_g002 series=mlpg.us horizon=1 fold=1 err=input.size(-1) must be equal to input_size. Expected 64, got 1
2026-03-29 19:59:56 | WARNING | candidate_fold_error model=lstm_forecast candidate=lstm_g002 series=mlpg.us horizon=5 fold=1 err=input.size(-1) must be equal to input_size. Expected 32, got 1
2026-03-29 19:59:56 | WARNING | candidate_fold_error model=lstm_forecast candidate=lstm_g002 series=mlpg.us horizon=20 fold=1 err=input.size(-1) must be equal to input_size. Expected 16, got 1
2026-03-29 19:59:56 | WARNING | candidate_fold_error model=lstm_forecast candidate=lstm_g002 series=oil.us horizon=1 fold=1 err=input.size(-1) must be equal to input_size. Expected 64, got 1
2026-03-29 19:59:56 | WARNING | candidate_fold_error model=lstm_forecast candidate=lstm_g002 series=oil.us horizon=5 fold=1 err=input.size(-1) must be equal to input_size. Expected 32, got 1
2026-03-29 19:59:56 | WARNING | candidate_fold_error model=lstm_forecast candidate=lstm_g002 series=oil.us horizon=20 fold=1 err=input.size(-1) must be equal to input_size. Expected 16, got 1
2026-03-29 19:59:56 | WARNING | candidate_fold_error model=lstm_forecast candidate=lstm_g002 series=qdyn.us horizon=1 fold=1 err=input.size(-1) must be equal to input_size. Expected 64, got 1
2026-03-29 19:59:56 | WARNING | candidate_fold_error model=lstm_forecast candidate=lstm_g002 series=qdyn.us horizon=5 fold=1 err=input.size(-1) must be equal to input_size. Expected 32, got 1
2026-03-29 19:59:56 | WARNING | candidate_fold_error model=lstm_forecast candidate=lstm_g002 series=qdyn.us horizon=20 fold=1 err=input.size(-1) must be equal to input_size. Expected 16, got 1
2026-03-29 19:59:56 | WARNING | candidate_fold_error model=lstm_forecast candidate=lstm_g002 series=rth.us horizon=1 fold=1 err=input.size(-1) must be equal to input_size. Expected 64, got 1
2026-03-29 19:59:56 | WARNING | candidate_fold_error model=lstm_forecast candidate=lstm_g002 series=rth.us horizon=5 fold=1 err=input.size(-1) must be equal to input_size. Expected 32, got 1
2026-03-29 19:59:56 | WARNING | candidate_fold_error model=lstm_forecast candidate=lstm_g002 series=rth.us horizon=20 fold=1 err=input.size(-1) must be equal to input_size. Expected 16, got 1
2026-03-29 19:59:56 | WARNING | candidate_fold_error model=lstm_forecast candidate=lstm_g002 series=silj.us horizon=1 fold=1 err=input.size(-1) must be equal to input_size. Expected 64, got 1
2026-03-29 19:59:56 | WARNING | candidate_fold_error model=lstm_forecast candidate=lstm_g002 series=silj.us horizon=5 fold=1 err=input.size(-1) must be equal to input_size. Expected 32, got 1
2026-03-29 19:59:56 | WARNING | candidate_fold_error model=lstm_forecast candidate=lstm_g002 series=silj.us horizon=20 fold=1 err=input.size(-1) must be equal to input_size. Expected 16, got 1
2026-03-29 19:59:56 | INFO | candidate_done model=lstm_forecast candidate_id=lstm_g002 elapsed=0.27s
2026-03-29 19:59:56 | INFO | candidate_start model=lstm_forecast candidate_id=lstm_g003 compare_group_id=lstm_grp_003
2026-03-29 19:59:56 | WARNING | candidate_fold_error model=lstm_forecast candidate=lstm_g003 series=afk.us horizon=1 fold=1 err=input.size(-1) must be equal to input_size. Expected 64, got 1
2026-03-29 19:59:56 | WARNING | candidate_fold_error model=lstm_forecast candidate=lstm_g003 series=afk.us horizon=5 fold=1 err=input.size(-1) must be equal to input_size. Expected 32, got 1
2026-03-29 19:59:56 | WARNING | candidate_fold_error model=lstm_forecast candidate=lstm_g003 series=afk.us horizon=20 fold=1 err=input.size(-1) must be equal to input_size. Expected 16, got 1
2026-03-29 19:59:56 | WARNING | candidate_fold_error model=lstm_forecast candidate=lstm_g003 series=dwm.us horizon=1 fold=1 err=input.size(-1) must be equal to input_size. Expected 64, got 1
2026-03-29 19:59:56 | WARNING | candidate_fold_error model=lstm_forecast candidate=lstm_g003 series=dwm.us horizon=5 fold=1 err=input.size(-1) must be equal to input_size. Expected 32, got 1
2026-03-29 19:59:56 | WARNING | candidate_fold_error model=lstm_forecast candidate=lstm_g003 series=dwm.us horizon=20 fold=1 err=input.size(-1) must be equal to input_size. Expected 16, got 1
2026-03-29 19:59:56 | WARNING | candidate_fold_error model=lstm_forecast candidate=lstm_g003 series=effe.us horizon=1 fold=1 err=input.size(-1) must be equal to input_size. Expected 64, got 1
2026-03-29 19:59:56 | WARNING | candidate_fold_error model=lstm_forecast candidate=lstm_g003 series=effe.us horizon=5 fold=1 err=input.size(-1) must be equal to input_size. Expected 32, got 1
2026-03-29 19:59:56 | WARNING | candidate_fold_error model=lstm_forecast candidate=lstm_g003 series=effe.us horizon=20 fold=1 err=input.size(-1) must be equal to input_size. Expected 16, got 1
2026-03-29 19:59:56 | WARNING | candidate_fold_error model=lstm_forecast candidate=lstm_g003 series=fdis.us horizon=1 fold=1 err=input.size(-1) must be equal to input_size. Expected 64, got 1
2026-03-29 19:59:56 | WARNING | candidate_fold_error model=lstm_forecast candidate=lstm_g003 series=fdis.us horizon=5 fold=1 err=input.size(-1) must be equal to input_size. Expected 32, got 1
2026-03-29 19:59:56 | WARNING | candidate_fold_error model=lstm_forecast candidate=lstm_g003 series=fdis.us horizon=20 fold=1 err=input.size(-1) must be equal to input_size. Expected 16, got 1
2026-03-29 19:59:56 | WARNING | candidate_fold_error model=lstm_forecast candidate=lstm_g003 series=iyg.us horizon=1 fold=1 err=input.size(-1) must be equal to input_size. Expected 64, got 1
2026-03-29 19:59:56 | WARNING | candidate_fold_error model=lstm_forecast candidate=lstm_g003 series=iyg.us horizon=5 fold=1 err=input.size(-1) must be equal to input_size. Expected 32, got 1
2026-03-29 19:59:56 | WARNING | candidate_fold_error model=lstm_forecast candidate=lstm_g003 series=iyg.us horizon=20 fold=1 err=input.size(-1) must be equal to input_size. Expected 16, got 1
2026-03-29 19:59:56 | WARNING | candidate_fold_error model=lstm_forecast candidate=lstm_g003 series=jkf.us horizon=1 fold=1 err=input.size(-1) must be equal to input_size. Expected 64, got 1
2026-03-29 19:59:56 | WARNING | candidate_fold_error model=lstm_forecast candidate=lstm_g003 series=jkf.us horizon=5 fold=1 err=input.size(-1) must be equal to input_size. Expected 32, got 1
2026-03-29 19:59:56 | WARNING | candidate_fold_error model=lstm_forecast candidate=lstm_g003 series=jkf.us horizon=20 fold=1 err=input.size(-1) must be equal to input_size. Expected 16, got 1
2026-03-29 19:59:56 | WARNING | candidate_fold_error model=lstm_forecast candidate=lstm_g003 series=jkh.us horizon=1 fold=1 err=input.size(-1) must be equal to input_size. Expected 64, got 1
2026-03-29 19:59:56 | WARNING | candidate_fold_error model=lstm_forecast candidate=lstm_g003 series=jkh.us horizon=5 fold=1 err=input.size(-1) must be equal to input_size. Expected 32, got 1
2026-03-29 19:59:56 | WARNING | candidate_fold_error model=lstm_forecast candidate=lstm_g003 series=jkh.us horizon=20 fold=1 err=input.size(-1) must be equal to input_size. Expected 16, got 1
2026-03-29 19:59:56 | WARNING | candidate_fold_error model=lstm_forecast candidate=lstm_g003 series=mlpg.us horizon=1 fold=1 err=input.size(-1) must be equal to input_size. Expected 64, got 1
2026-03-29 19:59:56 | WARNING | candidate_fold_error model=lstm_forecast candidate=lstm_g003 series=mlpg.us horizon=5 fold=1 err=input.size(-1) must be equal to input_size. Expected 32, got 1
2026-03-29 19:59:56 | WARNING | candidate_fold_error model=lstm_forecast candidate=lstm_g003 series=mlpg.us horizon=20 fold=1 err=input.size(-1) must be equal to input_size. Expected 16, got 1
2026-03-29 19:59:56 | WARNING | candidate_fold_error model=lstm_forecast candidate=lstm_g003 series=oil.us horizon=1 fold=1 err=input.size(-1) must be equal to input_size. Expected 64, got 1
2026-03-29 19:59:56 | WARNING | candidate_fold_error model=lstm_forecast candidate=lstm_g003 series=oil.us horizon=5 fold=1 err=input.size(-1) must be equal to input_size. Expected 32, got 1
2026-03-29 19:59:56 | WARNING | candidate_fold_error model=lstm_forecast candidate=lstm_g003 series=oil.us horizon=20 fold=1 err=input.size(-1) must be equal to input_size. Expected 16, got 1
2026-03-29 19:59:56 | WARNING | candidate_fold_error model=lstm_forecast candidate=lstm_g003 series=qdyn.us horizon=1 fold=1 err=input.size(-1) must be equal to input_size. Expected 64, got 1
2026-03-29 19:59:56 | WARNING | candidate_fold_error model=lstm_forecast candidate=lstm_g003 series=qdyn.us horizon=5 fold=1 err=input.size(-1) must be equal to input_size. Expected 32, got 1
2026-03-29 19:59:56 | WARNING | candidate_fold_error model=lstm_forecast candidate=lstm_g003 series=qdyn.us horizon=20 fold=1 err=input.size(-1) must be equal to input_size. Expected 16, got 1
2026-03-29 19:59:57 | WARNING | candidate_fold_error model=lstm_forecast candidate=lstm_g003 series=rth.us horizon=1 fold=1 err=input.size(-1) must be equal to input_size. Expected 64, got 1
2026-03-29 19:59:57 | WARNING | candidate_fold_error model=lstm_forecast candidate=lstm_g003 series=rth.us horizon=5 fold=1 err=input.size(-1) must be equal to input_size. Expected 32, got 1
2026-03-29 19:59:57 | WARNING | candidate_fold_error model=lstm_forecast candidate=lstm_g003 series=rth.us horizon=20 fold=1 err=input.size(-1) must be equal to input_size. Expected 16, got 1
2026-03-29 19:59:57 | WARNING | candidate_fold_error model=lstm_forecast candidate=lstm_g003 series=silj.us horizon=1 fold=1 err=input.size(-1) must be equal to input_size. Expected 64, got 1
2026-03-29 19:59:57 | WARNING | candidate_fold_error model=lstm_forecast candidate=lstm_g003 series=silj.us horizon=5 fold=1 err=input.size(-1) must be equal to input_size. Expected 32, got 1
2026-03-29 19:59:57 | WARNING | candidate_fold_error model=lstm_forecast candidate=lstm_g003 series=silj.us horizon=20 fold=1 err=input.size(-1) must be equal to input_size. Expected 16, got 1
2026-03-29 19:59:57 | INFO | candidate_done model=lstm_forecast candidate_id=lstm_g003 elapsed=0.27s
2026-03-29 19:59:57 | INFO | candidate_start model=lstm_forecast candidate_id=lstm_g004 compare_group_id=lstm_grp_004
2026-03-29 19:59:57 | WARNING | candidate_fold_error model=lstm_forecast candidate=lstm_g004 series=afk.us horizon=1 fold=1 err=input.size(-1) must be equal to input_size. Expected 64, got 1
2026-03-29 19:59:57 | WARNING | candidate_fold_error model=lstm_forecast candidate=lstm_g004 series=afk.us horizon=5 fold=1 err=input.size(-1) must be equal to input_size. Expected 32, got 1
2026-03-29 19:59:57 | WARNING | candidate_fold_error model=lstm_forecast candidate=lstm_g004 series=afk.us horizon=20 fold=1 err=input.size(-1) must be equal to input_size. Expected 16, got 1
2026-03-29 19:59:57 | WARNING | candidate_fold_error model=lstm_forecast candidate=lstm_g004 series=dwm.us horizon=1 fold=1 err=input.size(-1) must be equal to input_size. Expected 64, got 1
2026-03-29 19:59:57 | WARNING | candidate_fold_error model=lstm_forecast candidate=lstm_g004 series=dwm.us horizon=5 fold=1 err=input.size(-1) must be equal to input_size. Expected 32, got 1
2026-03-29 19:59:57 | WARNING | candidate_fold_error model=lstm_forecast candidate=lstm_g004 series=dwm.us horizon=20 fold=1 err=input.size(-1) must be equal to input_size. Expected 16, got 1
2026-03-29 19:59:57 | WARNING | candidate_fold_error model=lstm_forecast candidate=lstm_g004 series=effe.us horizon=1 fold=1 err=input.size(-1) must be equal to input_size. Expected 64, got 1
2026-03-29 19:59:57 | WARNING | candidate_fold_error model=lstm_forecast candidate=lstm_g004 series=effe.us horizon=5 fold=1 err=input.size(-1) must be equal to input_size. Expected 32, got 1
2026-03-29 19:59:57 | WARNING | candidate_fold_error model=lstm_forecast candidate=lstm_g004 series=effe.us horizon=20 fold=1 err=input.size(-1) must be equal to input_size. Expected 16, got 1
2026-03-29 19:59:57 | WARNING | candidate_fold_error model=lstm_forecast candidate=lstm_g004 series=fdis.us horizon=1 fold=1 err=input.size(-1) must be equal to input_size. Expected 64, got 1
2026-03-29 19:59:57 | WARNING | candidate_fold_error model=lstm_forecast candidate=lstm_g004 series=fdis.us horizon=5 fold=1 err=input.size(-1) must be equal to input_size. Expected 32, got 1
2026-03-29 19:59:57 | WARNING | candidate_fold_error model=lstm_forecast candidate=lstm_g004 series=fdis.us horizon=20 fold=1 err=input.size(-1) must be equal to input_size. Expected 16, got 1
2026-03-29 19:59:57 | WARNING | candidate_fold_error model=lstm_forecast candidate=lstm_g004 series=iyg.us horizon=1 fold=1 err=input.size(-1) must be equal to input_size. Expected 64, got 1
2026-03-29 19:59:57 | WARNING | candidate_fold_error model=lstm_forecast candidate=lstm_g004 series=iyg.us horizon=5 fold=1 err=input.size(-1) must be equal to input_size. Expected 32, got 1
2026-03-29 19:59:57 | WARNING | candidate_fold_error model=lstm_forecast candidate=lstm_g004 series=iyg.us horizon=20 fold=1 err=input.size(-1) must be equal to input_size. Expected 16, got 1
2026-03-29 19:59:57 | WARNING | candidate_fold_error model=lstm_forecast candidate=lstm_g004 series=jkf.us horizon=1 fold=1 err=input.size(-1) must be equal to input_size. Expected 64, got 1
2026-03-29 19:59:57 | WARNING | candidate_fold_error model=lstm_forecast candidate=lstm_g004 series=jkf.us horizon=5 fold=1 err=input.size(-1) must be equal to input_size. Expected 32, got 1
2026-03-29 19:59:57 | WARNING | candidate_fold_error model=lstm_forecast candidate=lstm_g004 series=jkf.us horizon=20 fold=1 err=input.size(-1) must be equal to input_size. Expected 16, got 1
2026-03-29 19:59:57 | WARNING | candidate_fold_error model=lstm_forecast candidate=lstm_g004 series=jkh.us horizon=1 fold=1 err=input.size(-1) must be equal to input_size. Expected 64, got 1
2026-03-29 19:59:57 | WARNING | candidate_fold_error model=lstm_forecast candidate=lstm_g004 series=jkh.us horizon=5 fold=1 err=input.size(-1) must be equal to input_size. Expected 32, got 1
2026-03-29 19:59:57 | WARNING | candidate_fold_error model=lstm_forecast candidate=lstm_g004 series=jkh.us horizon=20 fold=1 err=input.size(-1) must be equal to input_size. Expected 16, got 1
2026-03-29 19:59:57 | WARNING | candidate_fold_error model=lstm_forecast candidate=lstm_g004 series=mlpg.us horizon=1 fold=1 err=input.size(-1) must be equal to input_size. Expected 64, got 1
2026-03-29 19:59:57 | WARNING | candidate_fold_error model=lstm_forecast candidate=lstm_g004 series=mlpg.us horizon=5 fold=1 err=input.size(-1) must be equal to input_size. Expected 32, got 1
2026-03-29 19:59:57 | WARNING | candidate_fold_error model=lstm_forecast candidate=lstm_g004 series=mlpg.us horizon=20 fold=1 err=input.size(-1) must be equal to input_size. Expected 16, got 1
2026-03-29 19:59:57 | WARNING | candidate_fold_error model=lstm_forecast candidate=lstm_g004 series=oil.us horizon=1 fold=1 err=input.size(-1) must be equal to input_size. Expected 64, got 1
2026-03-29 19:59:57 | WARNING | candidate_fold_error model=lstm_forecast candidate=lstm_g004 series=oil.us horizon=5 fold=1 err=input.size(-1) must be equal to input_size. Expected 32, got 1
2026-03-29 19:59:57 | WARNING | candidate_fold_error model=lstm_forecast candidate=lstm_g004 series=oil.us horizon=20 fold=1 err=input.size(-1) must be equal to input_size. Expected 16, got 1
2026-03-29 19:59:57 | WARNING | candidate_fold_error model=lstm_forecast candidate=lstm_g004 series=qdyn.us horizon=1 fold=1 err=input.size(-1) must be equal to input_size. Expected 64, got 1
2026-03-29 19:59:57 | WARNING | candidate_fold_error model=lstm_forecast candidate=lstm_g004 series=qdyn.us horizon=5 fold=1 err=input.size(-1) must be equal to input_size. Expected 32, got 1
2026-03-29 19:59:57 | WARNING | candidate_fold_error model=lstm_forecast candidate=lstm_g004 series=qdyn.us horizon=20 fold=1 err=input.size(-1) must be equal to input_size. Expected 16, got 1
2026-03-29 19:59:57 | WARNING | candidate_fold_error model=lstm_forecast candidate=lstm_g004 series=rth.us horizon=1 fold=1 err=input.size(-1) must be equal to input_size. Expected 64, got 1
2026-03-29 19:59:57 | WARNING | candidate_fold_error model=lstm_forecast candidate=lstm_g004 series=rth.us horizon=5 fold=1 err=input.size(-1) must be equal to input_size. Expected 32, got 1
2026-03-29 19:59:57 | WARNING | candidate_fold_error model=lstm_forecast candidate=lstm_g004 series=rth.us horizon=20 fold=1 err=input.size(-1) must be equal to input_size. Expected 16, got 1
2026-03-29 19:59:57 | WARNING | candidate_fold_error model=lstm_forecast candidate=lstm_g004 series=silj.us horizon=1 fold=1 err=input.size(-1) must be equal to input_size. Expected 64, got 1
2026-03-29 19:59:57 | WARNING | candidate_fold_error model=lstm_forecast candidate=lstm_g004 series=silj.us horizon=5 fold=1 err=input.size(-1) must be equal to input_size. Expected 32, got 1
2026-03-29 19:59:57 | WARNING | candidate_fold_error model=lstm_forecast candidate=lstm_g004 series=silj.us horizon=20 fold=1 err=input.size(-1) must be equal to input_size. Expected 16, got 1
2026-03-29 19:59:57 | INFO | candidate_done model=lstm_forecast candidate_id=lstm_g004 elapsed=0.29s
2026-03-29 19:59:57 | INFO | candidate_start model=chaotic_lstm_forecast candidate_id=chaotic_lstm_g001 compare_group_id=lstm_grp_001
2026-03-29 19:59:57 | WARNING | candidate_fold_error model=chaotic_lstm_forecast candidate=chaotic_lstm_g001 series=afk.us horizon=1 fold=1 err=input.size(-1) must be equal to input_size. Expected 64, got 1
2026-03-29 19:59:57 | WARNING | candidate_fold_error model=chaotic_lstm_forecast candidate=chaotic_lstm_g001 series=afk.us horizon=5 fold=1 err=input.size(-1) must be equal to input_size. Expected 32, got 1
2026-03-29 19:59:57 | WARNING | candidate_fold_error model=chaotic_lstm_forecast candidate=chaotic_lstm_g001 series=afk.us horizon=20 fold=1 err=input.size(-1) must be equal to input_size. Expected 16, got 1
2026-03-29 19:59:57 | WARNING | candidate_fold_error model=chaotic_lstm_forecast candidate=chaotic_lstm_g001 series=dwm.us horizon=1 fold=1 err=input.size(-1) must be equal to input_size. Expected 64, got 1
2026-03-29 19:59:57 | WARNING | candidate_fold_error model=chaotic_lstm_forecast candidate=chaotic_lstm_g001 series=dwm.us horizon=5 fold=1 err=input.size(-1) must be equal to input_size. Expected 32, got 1
2026-03-29 19:59:57 | WARNING | candidate_fold_error model=chaotic_lstm_forecast candidate=chaotic_lstm_g001 series=dwm.us horizon=20 fold=1 err=input.size(-1) must be equal to input_size. Expected 16, got 1
2026-03-29 19:59:57 | WARNING | candidate_fold_error model=chaotic_lstm_forecast candidate=chaotic_lstm_g001 series=effe.us horizon=1 fold=1 err=input.size(-1) must be equal to input_size. Expected 64, got 1
2026-03-29 19:59:57 | WARNING | candidate_fold_error model=chaotic_lstm_forecast candidate=chaotic_lstm_g001 series=effe.us horizon=5 fold=1 err=input.size(-1) must be equal to input_size. Expected 32, got 1
2026-03-29 19:59:57 | WARNING | candidate_fold_error model=chaotic_lstm_forecast candidate=chaotic_lstm_g001 series=effe.us horizon=20 fold=1 err=input.size(-1) must be equal to input_size. Expected 16, got 1
2026-03-29 19:59:57 | WARNING | candidate_fold_error model=chaotic_lstm_forecast candidate=chaotic_lstm_g001 series=fdis.us horizon=1 fold=1 err=input.size(-1) must be equal to input_size. Expected 64, got 1
2026-03-29 19:59:57 | WARNING | candidate_fold_error model=chaotic_lstm_forecast candidate=chaotic_lstm_g001 series=fdis.us horizon=5 fold=1 err=input.size(-1) must be equal to input_size. Expected 32, got 1
2026-03-29 19:59:57 | WARNING | candidate_fold_error model=chaotic_lstm_forecast candidate=chaotic_lstm_g001 series=fdis.us horizon=20 fold=1 err=input.size(-1) must be equal to input_size. Expected 16, got 1
2026-03-29 19:59:57 | WARNING | candidate_fold_error model=chaotic_lstm_forecast candidate=chaotic_lstm_g001 series=iyg.us horizon=1 fold=1 err=input.size(-1) must be equal to input_size. Expected 64, got 1
2026-03-29 19:59:57 | WARNING | candidate_fold_error model=chaotic_lstm_forecast candidate=chaotic_lstm_g001 series=iyg.us horizon=5 fold=1 err=input.size(-1) must be equal to input_size. Expected 32, got 1
2026-03-29 19:59:57 | WARNING | candidate_fold_error model=chaotic_lstm_forecast candidate=chaotic_lstm_g001 series=iyg.us horizon=20 fold=1 err=input.size(-1) must be equal to input_size. Expected 16, got 1
2026-03-29 19:59:57 | WARNING | candidate_fold_error model=chaotic_lstm_forecast candidate=chaotic_lstm_g001 series=jkf.us horizon=1 fold=1 err=input.size(-1) must be equal to input_size. Expected 64, got 1
2026-03-29 19:59:57 | WARNING | candidate_fold_error model=chaotic_lstm_forecast candidate=chaotic_lstm_g001 series=jkf.us horizon=5 fold=1 err=input.size(-1) must be equal to input_size. Expected 32, got 1
2026-03-29 19:59:57 | WARNING | candidate_fold_error model=chaotic_lstm_forecast candidate=chaotic_lstm_g001 series=jkf.us horizon=20 fold=1 err=input.size(-1) must be equal to input_size. Expected 16, got 1
2026-03-29 19:59:57 | WARNING | candidate_fold_error model=chaotic_lstm_forecast candidate=chaotic_lstm_g001 series=jkh.us horizon=1 fold=1 err=input.size(-1) must be equal to input_size. Expected 64, got 1
2026-03-29 19:59:57 | WARNING | candidate_fold_error model=chaotic_lstm_forecast candidate=chaotic_lstm_g001 series=jkh.us horizon=5 fold=1 err=input.size(-1) must be equal to input_size. Expected 32, got 1
2026-03-29 19:59:57 | WARNING | candidate_fold_error model=chaotic_lstm_forecast candidate=chaotic_lstm_g001 series=jkh.us horizon=20 fold=1 err=input.size(-1) must be equal to input_size. Expected 16, got 1
2026-03-29 19:59:57 | WARNING | candidate_fold_error model=chaotic_lstm_forecast candidate=chaotic_lstm_g001 series=mlpg.us horizon=1 fold=1 err=input.size(-1) must be equal to input_size. Expected 64, got 1
2026-03-29 19:59:57 | WARNING | candidate_fold_error model=chaotic_lstm_forecast candidate=chaotic_lstm_g001 series=mlpg.us horizon=5 fold=1 err=input.size(-1) must be equal to input_size. Expected 32, got 1
2026-03-29 19:59:57 | WARNING | candidate_fold_error model=chaotic_lstm_forecast candidate=chaotic_lstm_g001 series=mlpg.us horizon=20 fold=1 err=input.size(-1) must be equal to input_size. Expected 16, got 1
2026-03-29 19:59:57 | WARNING | candidate_fold_error model=chaotic_lstm_forecast candidate=chaotic_lstm_g001 series=oil.us horizon=1 fold=1 err=input.size(-1) must be equal to input_size. Expected 64, got 1
2026-03-29 19:59:57 | WARNING | candidate_fold_error model=chaotic_lstm_forecast candidate=chaotic_lstm_g001 series=oil.us horizon=5 fold=1 err=input.size(-1) must be equal to input_size. Expected 32, got 1
2026-03-29 19:59:57 | WARNING | candidate_fold_error model=chaotic_lstm_forecast candidate=chaotic_lstm_g001 series=oil.us horizon=20 fold=1 err=input.size(-1) must be equal to input_size. Expected 16, got 1
2026-03-29 19:59:57 | WARNING | candidate_fold_error model=chaotic_lstm_forecast candidate=chaotic_lstm_g001 series=qdyn.us horizon=1 fold=1 err=input.size(-1) must be equal to input_size. Expected 64, got 1
2026-03-29 19:59:57 | WARNING | candidate_fold_error model=chaotic_lstm_forecast candidate=chaotic_lstm_g001 series=qdyn.us horizon=5 fold=1 err=input.size(-1) must be equal to input_size. Expected 32, got 1
2026-03-29 19:59:57 | WARNING | candidate_fold_error model=chaotic_lstm_forecast candidate=chaotic_lstm_g001 series=qdyn.us horizon=20 fold=1 err=input.size(-1) must be equal to input_size. Expected 16, got 1
2026-03-29 19:59:57 | WARNING | candidate_fold_error model=chaotic_lstm_forecast candidate=chaotic_lstm_g001 series=rth.us horizon=1 fold=1 err=input.size(-1) must be equal to input_size. Expected 64, got 1
2026-03-29 19:59:57 | WARNING | candidate_fold_error model=chaotic_lstm_forecast candidate=chaotic_lstm_g001 series=rth.us horizon=5 fold=1 err=input.size(-1) must be equal to input_size. Expected 32, got 1
2026-03-29 19:59:57 | WARNING | candidate_fold_error model=chaotic_lstm_forecast candidate=chaotic_lstm_g001 series=rth.us horizon=20 fold=1 err=input.size(-1) must be equal to input_size. Expected 16, got 1
2026-03-29 19:59:57 | WARNING | candidate_fold_error model=chaotic_lstm_forecast candidate=chaotic_lstm_g001 series=silj.us horizon=1 fold=1 err=input.size(-1) must be equal to input_size. Expected 64, got 1
2026-03-29 19:59:57 | WARNING | candidate_fold_error model=chaotic_lstm_forecast candidate=chaotic_lstm_g001 series=silj.us horizon=5 fold=1 err=input.size(-1) must be equal to input_size. Expected 32, got 1
2026-03-29 19:59:57 | WARNING | candidate_fold_error model=chaotic_lstm_forecast candidate=chaotic_lstm_g001 series=silj.us horizon=20 fold=1 err=input.size(-1) must be equal to input_size. Expected 16, got 1
2026-03-29 19:59:57 | INFO | candidate_done model=chaotic_lstm_forecast candidate_id=chaotic_lstm_g001 elapsed=0.39s
2026-03-29 19:59:57 | INFO | candidate_start model=chaotic_lstm_forecast candidate_id=chaotic_lstm_g002 compare_group_id=lstm_grp_002
2026-03-29 19:59:57 | WARNING | candidate_fold_error model=chaotic_lstm_forecast candidate=chaotic_lstm_g002 series=afk.us horizon=1 fold=1 err=input.size(-1) must be equal to input_size. Expected 64, got 1
2026-03-29 19:59:57 | WARNING | candidate_fold_error model=chaotic_lstm_forecast candidate=chaotic_lstm_g002 series=afk.us horizon=5 fold=1 err=input.size(-1) must be equal to input_size. Expected 32, got 1
2026-03-29 19:59:57 | WARNING | candidate_fold_error model=chaotic_lstm_forecast candidate=chaotic_lstm_g002 series=afk.us horizon=20 fold=1 err=input.size(-1) must be equal to input_size. Expected 16, got 1
2026-03-29 19:59:57 | WARNING | candidate_fold_error model=chaotic_lstm_forecast candidate=chaotic_lstm_g002 series=dwm.us horizon=1 fold=1 err=input.size(-1) must be equal to input_size. Expected 64, got 1
2026-03-29 19:59:57 | WARNING | candidate_fold_error model=chaotic_lstm_forecast candidate=chaotic_lstm_g002 series=dwm.us horizon=5 fold=1 err=input.size(-1) must be equal to input_size. Expected 32, got 1
2026-03-29 19:59:57 | WARNING | candidate_fold_error model=chaotic_lstm_forecast candidate=chaotic_lstm_g002 series=dwm.us horizon=20 fold=1 err=input.size(-1) must be equal to input_size. Expected 16, got 1
2026-03-29 19:59:57 | WARNING | candidate_fold_error model=chaotic_lstm_forecast candidate=chaotic_lstm_g002 series=effe.us horizon=1 fold=1 err=input.size(-1) must be equal to input_size. Expected 64, got 1
2026-03-29 19:59:57 | WARNING | candidate_fold_error model=chaotic_lstm_forecast candidate=chaotic_lstm_g002 series=effe.us horizon=5 fold=1 err=input.size(-1) must be equal to input_size. Expected 32, got 1
2026-03-29 19:59:57 | WARNING | candidate_fold_error model=chaotic_lstm_forecast candidate=chaotic_lstm_g002 series=effe.us horizon=20 fold=1 err=input.size(-1) must be equal to input_size. Expected 16, got 1
2026-03-29 19:59:57 | WARNING | candidate_fold_error model=chaotic_lstm_forecast candidate=chaotic_lstm_g002 series=fdis.us horizon=1 fold=1 err=input.size(-1) must be equal to input_size. Expected 64, got 1
2026-03-29 19:59:57 | WARNING | candidate_fold_error model=chaotic_lstm_forecast candidate=chaotic_lstm_g002 series=fdis.us horizon=5 fold=1 err=input.size(-1) must be equal to input_size. Expected 32, got 1
2026-03-29 19:59:57 | WARNING | candidate_fold_error model=chaotic_lstm_forecast candidate=chaotic_lstm_g002 series=fdis.us horizon=20 fold=1 err=input.size(-1) must be equal to input_size. Expected 16, got 1
2026-03-29 19:59:57 | WARNING | candidate_fold_error model=chaotic_lstm_forecast candidate=chaotic_lstm_g002 series=iyg.us horizon=1 fold=1 err=input.size(-1) must be equal to input_size. Expected 64, got 1
2026-03-29 19:59:57 | WARNING | candidate_fold_error model=chaotic_lstm_forecast candidate=chaotic_lstm_g002 series=iyg.us horizon=5 fold=1 err=input.size(-1) must be equal to input_size. Expected 32, got 1
2026-03-29 19:59:57 | WARNING | candidate_fold_error model=chaotic_lstm_forecast candidate=chaotic_lstm_g002 series=iyg.us horizon=20 fold=1 err=input.size(-1) must be equal to input_size. Expected 16, got 1
2026-03-29 19:59:58 | WARNING | candidate_fold_error model=chaotic_lstm_forecast candidate=chaotic_lstm_g002 series=jkf.us horizon=1 fold=1 err=input.size(-1) must be equal to input_size. Expected 64, got 1
2026-03-29 19:59:58 | WARNING | candidate_fold_error model=chaotic_lstm_forecast candidate=chaotic_lstm_g002 series=jkf.us horizon=5 fold=1 err=input.size(-1) must be equal to input_size. Expected 32, got 1
2026-03-29 19:59:58 | WARNING | candidate_fold_error model=chaotic_lstm_forecast candidate=chaotic_lstm_g002 series=jkf.us horizon=20 fold=1 err=input.size(-1) must be equal to input_size. Expected 16, got 1
2026-03-29 19:59:58 | WARNING | candidate_fold_error model=chaotic_lstm_forecast candidate=chaotic_lstm_g002 series=jkh.us horizon=1 fold=1 err=input.size(-1) must be equal to input_size. Expected 64, got 1
2026-03-29 19:59:58 | WARNING | candidate_fold_error model=chaotic_lstm_forecast candidate=chaotic_lstm_g002 series=jkh.us horizon=5 fold=1 err=input.size(-1) must be equal to input_size. Expected 32, got 1
2026-03-29 19:59:58 | WARNING | candidate_fold_error model=chaotic_lstm_forecast candidate=chaotic_lstm_g002 series=jkh.us horizon=20 fold=1 err=input.size(-1) must be equal to input_size. Expected 16, got 1
2026-03-29 19:59:58 | WARNING | candidate_fold_error model=chaotic_lstm_forecast candidate=chaotic_lstm_g002 series=mlpg.us horizon=1 fold=1 err=input.size(-1) must be equal to input_size. Expected 64, got 1
2026-03-29 19:59:58 | WARNING | candidate_fold_error model=chaotic_lstm_forecast candidate=chaotic_lstm_g002 series=mlpg.us horizon=5 fold=1 err=input.size(-1) must be equal to input_size. Expected 32, got 1
2026-03-29 19:59:58 | WARNING | candidate_fold_error model=chaotic_lstm_forecast candidate=chaotic_lstm_g002 series=mlpg.us horizon=20 fold=1 err=input.size(-1) must be equal to input_size. Expected 16, got 1
2026-03-29 19:59:58 | WARNING | candidate_fold_error model=chaotic_lstm_forecast candidate=chaotic_lstm_g002 series=oil.us horizon=1 fold=1 err=input.size(-1) must be equal to input_size. Expected 64, got 1
2026-03-29 19:59:58 | WARNING | candidate_fold_error model=chaotic_lstm_forecast candidate=chaotic_lstm_g002 series=oil.us horizon=5 fold=1 err=input.size(-1) must be equal to input_size. Expected 32, got 1
2026-03-29 19:59:58 | WARNING | candidate_fold_error model=chaotic_lstm_forecast candidate=chaotic_lstm_g002 series=oil.us horizon=20 fold=1 err=input.size(-1) must be equal to input_size. Expected 16, got 1
2026-03-29 19:59:58 | WARNING | candidate_fold_error model=chaotic_lstm_forecast candidate=chaotic_lstm_g002 series=qdyn.us horizon=1 fold=1 err=input.size(-1) must be equal to input_size. Expected 64, got 1
2026-03-29 19:59:58 | WARNING | candidate_fold_error model=chaotic_lstm_forecast candidate=chaotic_lstm_g002 series=qdyn.us horizon=5 fold=1 err=input.size(-1) must be equal to input_size. Expected 32, got 1
2026-03-29 19:59:58 | WARNING | candidate_fold_error model=chaotic_lstm_forecast candidate=chaotic_lstm_g002 series=qdyn.us horizon=20 fold=1 err=input.size(-1) must be equal to input_size. Expected 16, got 1
2026-03-29 19:59:58 | WARNING | candidate_fold_error model=chaotic_lstm_forecast candidate=chaotic_lstm_g002 series=rth.us horizon=1 fold=1 err=input.size(-1) must be equal to input_size. Expected 64, got 1
2026-03-29 19:59:58 | WARNING | candidate_fold_error model=chaotic_lstm_forecast candidate=chaotic_lstm_g002 series=rth.us horizon=5 fold=1 err=input.size(-1) must be equal to input_size. Expected 32, got 1
2026-03-29 19:59:58 | WARNING | candidate_fold_error model=chaotic_lstm_forecast candidate=chaotic_lstm_g002 series=rth.us horizon=20 fold=1 err=input.size(-1) must be equal to input_size. Expected 16, got 1
2026-03-29 19:59:58 | WARNING | candidate_fold_error model=chaotic_lstm_forecast candidate=chaotic_lstm_g002 series=silj.us horizon=1 fold=1 err=input.size(-1) must be equal to input_size. Expected 64, got 1
2026-03-29 19:59:58 | WARNING | candidate_fold_error model=chaotic_lstm_forecast candidate=chaotic_lstm_g002 series=silj.us horizon=5 fold=1 err=input.size(-1) must be equal to input_size. Expected 32, got 1
2026-03-29 19:59:58 | WARNING | candidate_fold_error model=chaotic_lstm_forecast candidate=chaotic_lstm_g002 series=silj.us horizon=20 fold=1 err=input.size(-1) must be equal to input_size. Expected 16, got 1
2026-03-29 19:59:58 | INFO | candidate_done model=chaotic_lstm_forecast candidate_id=chaotic_lstm_g002 elapsed=0.62s
2026-03-29 19:59:58 | INFO | candidate_start model=chaotic_lstm_forecast candidate_id=chaotic_lstm_g003 compare_group_id=lstm_grp_003
2026-03-29 19:59:58 | WARNING | candidate_fold_error model=chaotic_lstm_forecast candidate=chaotic_lstm_g003 series=afk.us horizon=1 fold=1 err=input.size(-1) must be equal to input_size. Expected 64, got 1
2026-03-29 19:59:58 | WARNING | candidate_fold_error model=chaotic_lstm_forecast candidate=chaotic_lstm_g003 series=afk.us horizon=5 fold=1 err=input.size(-1) must be equal to input_size. Expected 32, got 1
2026-03-29 19:59:58 | WARNING | candidate_fold_error model=chaotic_lstm_forecast candidate=chaotic_lstm_g003 series=afk.us horizon=20 fold=1 err=input.size(-1) must be equal to input_size. Expected 16, got 1
2026-03-29 19:59:58 | WARNING | candidate_fold_error model=chaotic_lstm_forecast candidate=chaotic_lstm_g003 series=dwm.us horizon=1 fold=1 err=input.size(-1) must be equal to input_size. Expected 64, got 1
2026-03-29 19:59:58 | WARNING | candidate_fold_error model=chaotic_lstm_forecast candidate=chaotic_lstm_g003 series=dwm.us horizon=5 fold=1 err=input.size(-1) must be equal to input_size. Expected 32, got 1
2026-03-29 19:59:58 | WARNING | candidate_fold_error model=chaotic_lstm_forecast candidate=chaotic_lstm_g003 series=dwm.us horizon=20 fold=1 err=input.size(-1) must be equal to input_size. Expected 16, got 1
2026-03-29 19:59:58 | WARNING | candidate_fold_error model=chaotic_lstm_forecast candidate=chaotic_lstm_g003 series=effe.us horizon=1 fold=1 err=input.size(-1) must be equal to input_size. Expected 64, got 1
2026-03-29 19:59:58 | WARNING | candidate_fold_error model=chaotic_lstm_forecast candidate=chaotic_lstm_g003 series=effe.us horizon=5 fold=1 err=input.size(-1) must be equal to input_size. Expected 32, got 1
2026-03-29 19:59:58 | WARNING | candidate_fold_error model=chaotic_lstm_forecast candidate=chaotic_lstm_g003 series=effe.us horizon=20 fold=1 err=input.size(-1) must be equal to input_size. Expected 16, got 1
2026-03-29 19:59:58 | WARNING | candidate_fold_error model=chaotic_lstm_forecast candidate=chaotic_lstm_g003 series=fdis.us horizon=1 fold=1 err=input.size(-1) must be equal to input_size. Expected 64, got 1
2026-03-29 19:59:58 | WARNING | candidate_fold_error model=chaotic_lstm_forecast candidate=chaotic_lstm_g003 series=fdis.us horizon=5 fold=1 err=input.size(-1) must be equal to input_size. Expected 32, got 1
2026-03-29 19:59:58 | WARNING | candidate_fold_error model=chaotic_lstm_forecast candidate=chaotic_lstm_g003 series=fdis.us horizon=20 fold=1 err=input.size(-1) must be equal to input_size. Expected 16, got 1
2026-03-29 19:59:58 | WARNING | candidate_fold_error model=chaotic_lstm_forecast candidate=chaotic_lstm_g003 series=iyg.us horizon=1 fold=1 err=input.size(-1) must be equal to input_size. Expected 64, got 1
2026-03-29 19:59:58 | WARNING | candidate_fold_error model=chaotic_lstm_forecast candidate=chaotic_lstm_g003 series=iyg.us horizon=5 fold=1 err=input.size(-1) must be equal to input_size. Expected 32, got 1
2026-03-29 19:59:58 | WARNING | candidate_fold_error model=chaotic_lstm_forecast candidate=chaotic_lstm_g003 series=iyg.us horizon=20 fold=1 err=input.size(-1) must be equal to input_size. Expected 16, got 1
2026-03-29 19:59:58 | WARNING | candidate_fold_error model=chaotic_lstm_forecast candidate=chaotic_lstm_g003 series=jkf.us horizon=1 fold=1 err=input.size(-1) must be equal to input_size. Expected 64, got 1
2026-03-29 19:59:58 | WARNING | candidate_fold_error model=chaotic_lstm_forecast candidate=chaotic_lstm_g003 series=jkf.us horizon=5 fold=1 err=input.size(-1) must be equal to input_size. Expected 32, got 1
2026-03-29 19:59:58 | WARNING | candidate_fold_error model=chaotic_lstm_forecast candidate=chaotic_lstm_g003 series=jkf.us horizon=20 fold=1 err=input.size(-1) must be equal to input_size. Expected 16, got 1
2026-03-29 19:59:58 | WARNING | candidate_fold_error model=chaotic_lstm_forecast candidate=chaotic_lstm_g003 series=jkh.us horizon=1 fold=1 err=input.size(-1) must be equal to input_size. Expected 64, got 1
2026-03-29 19:59:58 | WARNING | candidate_fold_error model=chaotic_lstm_forecast candidate=chaotic_lstm_g003 series=jkh.us horizon=5 fold=1 err=input.size(-1) must be equal to input_size. Expected 32, got 1
2026-03-29 19:59:58 | WARNING | candidate_fold_error model=chaotic_lstm_forecast candidate=chaotic_lstm_g003 series=jkh.us horizon=20 fold=1 err=input.size(-1) must be equal to input_size. Expected 16, got 1
2026-03-29 19:59:59 | WARNING | candidate_fold_error model=chaotic_lstm_forecast candidate=chaotic_lstm_g003 series=mlpg.us horizon=1 fold=1 err=input.size(-1) must be equal to input_size. Expected 64, got 1
2026-03-29 19:59:59 | WARNING | candidate_fold_error model=chaotic_lstm_forecast candidate=chaotic_lstm_g003 series=mlpg.us horizon=5 fold=1 err=input.size(-1) must be equal to input_size. Expected 32, got 1
2026-03-29 19:59:59 | WARNING | candidate_fold_error model=chaotic_lstm_forecast candidate=chaotic_lstm_g003 series=mlpg.us horizon=20 fold=1 err=input.size(-1) must be equal to input_size. Expected 16, got 1
2026-03-29 19:59:59 | WARNING | candidate_fold_error model=chaotic_lstm_forecast candidate=chaotic_lstm_g003 series=oil.us horizon=1 fold=1 err=input.size(-1) must be equal to input_size. Expected 64, got 1
2026-03-29 19:59:59 | WARNING | candidate_fold_error model=chaotic_lstm_forecast candidate=chaotic_lstm_g003 series=oil.us horizon=5 fold=1 err=input.size(-1) must be equal to input_size. Expected 32, got 1
2026-03-29 19:59:59 | WARNING | candidate_fold_error model=chaotic_lstm_forecast candidate=chaotic_lstm_g003 series=oil.us horizon=20 fold=1 err=input.size(-1) must be equal to input_size. Expected 16, got 1
2026-03-29 19:59:59 | WARNING | candidate_fold_error model=chaotic_lstm_forecast candidate=chaotic_lstm_g003 series=qdyn.us horizon=1 fold=1 err=input.size(-1) must be equal to input_size. Expected 64, got 1
2026-03-29 19:59:59 | WARNING | candidate_fold_error model=chaotic_lstm_forecast candidate=chaotic_lstm_g003 series=qdyn.us horizon=5 fold=1 err=input.size(-1) must be equal to input_size. Expected 32, got 1
2026-03-29 19:59:59 | WARNING | candidate_fold_error model=chaotic_lstm_forecast candidate=chaotic_lstm_g003 series=qdyn.us horizon=20 fold=1 err=input.size(-1) must be equal to input_size. Expected 16, got 1
2026-03-29 19:59:59 | WARNING | candidate_fold_error model=chaotic_lstm_forecast candidate=chaotic_lstm_g003 series=rth.us horizon=1 fold=1 err=input.size(-1) must be equal to input_size. Expected 64, got 1
2026-03-29 19:59:59 | WARNING | candidate_fold_error model=chaotic_lstm_forecast candidate=chaotic_lstm_g003 series=rth.us horizon=5 fold=1 err=input.size(-1) must be equal to input_size. Expected 32, got 1
2026-03-29 19:59:59 | WARNING | candidate_fold_error model=chaotic_lstm_forecast candidate=chaotic_lstm_g003 series=rth.us horizon=20 fold=1 err=input.size(-1) must be equal to input_size. Expected 16, got 1
2026-03-29 19:59:59 | WARNING | candidate_fold_error model=chaotic_lstm_forecast candidate=chaotic_lstm_g003 series=silj.us horizon=1 fold=1 err=input.size(-1) must be equal to input_size. Expected 64, got 1
2026-03-29 19:59:59 | WARNING | candidate_fold_error model=chaotic_lstm_forecast candidate=chaotic_lstm_g003 series=silj.us horizon=5 fold=1 err=input.size(-1) must be equal to input_size. Expected 32, got 1
2026-03-29 19:59:59 | WARNING | candidate_fold_error model=chaotic_lstm_forecast candidate=chaotic_lstm_g003 series=silj.us horizon=20 fold=1 err=input.size(-1) must be equal to input_size. Expected 16, got 1
2026-03-29 19:59:59 | INFO | candidate_done model=chaotic_lstm_forecast candidate_id=chaotic_lstm_g003 elapsed=1.08s
2026-03-29 19:59:59 | INFO | candidate_start model=chaotic_lstm_forecast candidate_id=chaotic_lstm_g004 compare_group_id=lstm_grp_004
2026-03-29 19:59:59 | WARNING | candidate_fold_error model=chaotic_lstm_forecast candidate=chaotic_lstm_g004 series=afk.us horizon=1 fold=1 err=input.size(-1) must be equal to input_size. Expected 64, got 1
2026-03-29 19:59:59 | WARNING | candidate_fold_error model=chaotic_lstm_forecast candidate=chaotic_lstm_g004 series=afk.us horizon=5 fold=1 err=input.size(-1) must be equal to input_size. Expected 32, got 1
2026-03-29 19:59:59 | WARNING | candidate_fold_error model=chaotic_lstm_forecast candidate=chaotic_lstm_g004 series=afk.us horizon=20 fold=1 err=input.size(-1) must be equal to input_size. Expected 16, got 1
2026-03-29 19:59:59 | WARNING | candidate_fold_error model=chaotic_lstm_forecast candidate=chaotic_lstm_g004 series=dwm.us horizon=1 fold=1 err=input.size(-1) must be equal to input_size. Expected 64, got 1
2026-03-29 20:00:00 | WARNING | candidate_fold_error model=chaotic_lstm_forecast candidate=chaotic_lstm_g004 series=dwm.us horizon=5 fold=1 err=input.size(-1) must be equal to input_size. Expected 32, got 1
2026-03-29 20:00:00 | WARNING | candidate_fold_error model=chaotic_lstm_forecast candidate=chaotic_lstm_g004 series=dwm.us horizon=20 fold=1 err=input.size(-1) must be equal to input_size. Expected 16, got 1
2026-03-29 20:00:00 | WARNING | candidate_fold_error model=chaotic_lstm_forecast candidate=chaotic_lstm_g004 series=effe.us horizon=1 fold=1 err=input.size(-1) must be equal to input_size. Expected 64, got 1
2026-03-29 20:00:00 | WARNING | candidate_fold_error model=chaotic_lstm_forecast candidate=chaotic_lstm_g004 series=effe.us horizon=5 fold=1 err=input.size(-1) must be equal to input_size. Expected 32, got 1
2026-03-29 20:00:00 | WARNING | candidate_fold_error model=chaotic_lstm_forecast candidate=chaotic_lstm_g004 series=effe.us horizon=20 fold=1 err=input.size(-1) must be equal to input_size. Expected 16, got 1
2026-03-29 20:00:00 | WARNING | candidate_fold_error model=chaotic_lstm_forecast candidate=chaotic_lstm_g004 series=fdis.us horizon=1 fold=1 err=input.size(-1) must be equal to input_size. Expected 64, got 1
2026-03-29 20:00:00 | WARNING | candidate_fold_error model=chaotic_lstm_forecast candidate=chaotic_lstm_g004 series=fdis.us horizon=5 fold=1 err=input.size(-1) must be equal to input_size. Expected 32, got 1
2026-03-29 20:00:00 | WARNING | candidate_fold_error model=chaotic_lstm_forecast candidate=chaotic_lstm_g004 series=fdis.us horizon=20 fold=1 err=input.size(-1) must be equal to input_size. Expected 16, got 1
2026-03-29 20:00:00 | WARNING | candidate_fold_error model=chaotic_lstm_forecast candidate=chaotic_lstm_g004 series=iyg.us horizon=1 fold=1 err=input.size(-1) must be equal to input_size. Expected 64, got 1
2026-03-29 20:00:00 | WARNING | candidate_fold_error model=chaotic_lstm_forecast candidate=chaotic_lstm_g004 series=iyg.us horizon=5 fold=1 err=input.size(-1) must be equal to input_size. Expected 32, got 1
2026-03-29 20:00:01 | WARNING | candidate_fold_error model=chaotic_lstm_forecast candidate=chaotic_lstm_g004 series=iyg.us horizon=20 fold=1 err=input.size(-1) must be equal to input_size. Expected 16, got 1
2026-03-29 20:00:01 | WARNING | candidate_fold_error model=chaotic_lstm_forecast candidate=chaotic_lstm_g004 series=jkf.us horizon=1 fold=1 err=input.size(-1) must be equal to input_size. Expected 64, got 1
2026-03-29 20:00:01 | WARNING | candidate_fold_error model=chaotic_lstm_forecast candidate=chaotic_lstm_g004 series=jkf.us horizon=5 fold=1 err=input.size(-1) must be equal to input_size. Expected 32, got 1
2026-03-29 20:00:01 | WARNING | candidate_fold_error model=chaotic_lstm_forecast candidate=chaotic_lstm_g004 series=jkf.us horizon=20 fold=1 err=input.size(-1) must be equal to input_size. Expected 16, got 1
2026-03-29 20:00:01 | WARNING | candidate_fold_error model=chaotic_lstm_forecast candidate=chaotic_lstm_g004 series=jkh.us horizon=1 fold=1 err=input.size(-1) must be equal to input_size. Expected 64, got 1
2026-03-29 20:00:01 | WARNING | candidate_fold_error model=chaotic_lstm_forecast candidate=chaotic_lstm_g004 series=jkh.us horizon=5 fold=1 err=input.size(-1) must be equal to input_size. Expected 32, got 1
2026-03-29 20:00:01 | WARNING | candidate_fold_error model=chaotic_lstm_forecast candidate=chaotic_lstm_g004 series=jkh.us horizon=20 fold=1 err=input.size(-1) must be equal to input_size. Expected 16, got 1
2026-03-29 20:00:01 | WARNING | candidate_fold_error model=chaotic_lstm_forecast candidate=chaotic_lstm_g004 series=mlpg.us horizon=1 fold=1 err=input.size(-1) must be equal to input_size. Expected 64, got 1
2026-03-29 20:00:01 | WARNING | candidate_fold_error model=chaotic_lstm_forecast candidate=chaotic_lstm_g004 series=mlpg.us horizon=5 fold=1 err=input.size(-1) must be equal to input_size. Expected 32, got 1
2026-03-29 20:00:02 | WARNING | candidate_fold_error model=chaotic_lstm_forecast candidate=chaotic_lstm_g004 series=mlpg.us horizon=20 fold=1 err=input.size(-1) must be equal to input_size. Expected 16, got 1
2026-03-29 20:00:02 | WARNING | candidate_fold_error model=chaotic_lstm_forecast candidate=chaotic_lstm_g004 series=oil.us horizon=1 fold=1 err=input.size(-1) must be equal to input_size. Expected 64, got 1
2026-03-29 20:00:02 | WARNING | candidate_fold_error model=chaotic_lstm_forecast candidate=chaotic_lstm_g004 series=oil.us horizon=5 fold=1 err=input.size(-1) must be equal to input_size. Expected 32, got 1
2026-03-29 20:00:02 | WARNING | candidate_fold_error model=chaotic_lstm_forecast candidate=chaotic_lstm_g004 series=oil.us horizon=20 fold=1 err=input.size(-1) must be equal to input_size. Expected 16, got 1
2026-03-29 20:00:02 | WARNING | candidate_fold_error model=chaotic_lstm_forecast candidate=chaotic_lstm_g004 series=qdyn.us horizon=1 fold=1 err=input.size(-1) must be equal to input_size. Expected 64, got 1
2026-03-29 20:00:02 | WARNING | candidate_fold_error model=chaotic_lstm_forecast candidate=chaotic_lstm_g004 series=qdyn.us horizon=5 fold=1 err=input.size(-1) must be equal to input_size. Expected 32, got 1
2026-03-29 20:00:02 | WARNING | candidate_fold_error model=chaotic_lstm_forecast candidate=chaotic_lstm_g004 series=qdyn.us horizon=20 fold=1 err=input.size(-1) must be equal to input_size. Expected 16, got 1
2026-03-29 20:00:02 | WARNING | candidate_fold_error model=chaotic_lstm_forecast candidate=chaotic_lstm_g004 series=rth.us horizon=1 fold=1 err=input.size(-1) must be equal to input_size. Expected 64, got 1
2026-03-29 20:00:02 | WARNING | candidate_fold_error model=chaotic_lstm_forecast candidate=chaotic_lstm_g004 series=rth.us horizon=5 fold=1 err=input.size(-1) must be equal to input_size. Expected 32, got 1
2026-03-29 20:00:03 | WARNING | candidate_fold_error model=chaotic_lstm_forecast candidate=chaotic_lstm_g004 series=rth.us horizon=20 fold=1 err=input.size(-1) must be equal to input_size. Expected 16, got 1
2026-03-29 20:00:03 | WARNING | candidate_fold_error model=chaotic_lstm_forecast candidate=chaotic_lstm_g004 series=silj.us horizon=1 fold=1 err=input.size(-1) must be equal to input_size. Expected 64, got 1
2026-03-29 20:00:03 | WARNING | candidate_fold_error model=chaotic_lstm_forecast candidate=chaotic_lstm_g004 series=silj.us horizon=5 fold=1 err=input.size(-1) must be equal to input_size. Expected 32, got 1
2026-03-29 20:00:03 | WARNING | candidate_fold_error model=chaotic_lstm_forecast candidate=chaotic_lstm_g004 series=silj.us horizon=20 fold=1 err=input.size(-1) must be equal to input_size. Expected 16, got 1
2026-03-29 20:00:03 | INFO | candidate_done model=chaotic_lstm_forecast candidate_id=chaotic_lstm_g004 elapsed=3.99s
2026-03-29 20:00:03 | INFO | selected_series_path=D:\Projects\TS_fcst\artifacts\architecture_tuning\lstm_v1\selected_series_architecture_tuning_lstm_v1.csv
2026-03-29 20:00:03 | INFO | candidate_level_results_parquet=D:\Projects\TS_fcst\artifacts\architecture_tuning\lstm_v1\candidate_level_results_lstm_v1.parquet
2026-03-29 20:00:03 | INFO | candidate_level_results_csv=D:\Projects\TS_fcst\artifacts\architecture_tuning\lstm_v1\candidate_level_results_lstm_v1.csv
2026-03-29 20:00:03 | INFO | series_level_results_parquet=D:\Projects\TS_fcst\artifacts\architecture_tuning\lstm_v1\series_level_results_lstm_v1.parquet
2026-03-29 20:00:03 | INFO | pair_comparison_csv=D:\Projects\TS_fcst\artifacts\architecture_tuning\lstm_v1\pair_comparison_summary_lstm_v1.csv
2026-03-29 20:00:03 | INFO | best_candidate_summary_csv=D:\Projects\TS_fcst\artifacts\architecture_tuning\lstm_v1\best_candidate_summary_lstm_v1.csv
2026-03-29 20:00:03 | INFO | excel_report_path=D:\Projects\TS_fcst\artifacts\reports\architecture_tuning_lstm_v1.xlsx
2026-03-29 20:00:03 | INFO | manifest_path=D:\Projects\TS_fcst\artifacts\manifests\architecture_tuning_lstm_v1_20260329T165954Z.json
2026-03-29 20:00:03 | INFO | total_candidates=8 success=0 failed=24
2026-03-29 20:00:03 | INFO | architecture_tuning_benchmark finished elapsed=9.01s
