2026-03-12 13:31:48 | INFO | Clustering experiments started
2026-03-12 13:31:48 | INFO | Config path: D:\Projects\TS_fcst\configs\clustering_experiments_v1.yaml
2026-03-12 13:31:48 | INFO | Feature sets: ['base', 'with_chaos']
2026-03-12 13:31:48 | INFO | Scalers: ['identity', 'robust', 'quantile']
2026-03-12 13:31:48 | INFO | Algorithms: ['gmm', 'agglomerative']
2026-03-12 13:31:48 | INFO | Grid configurations total: 504
2026-03-12 13:31:48 | INFO | Grid progress: 1/504
2026-03-12 13:31:52 | INFO | Grid progress: 20/504
2026-03-12 13:31:54 | INFO | Grid progress: 40/504
2026-03-12 13:31:56 | INFO | Grid progress: 60/504
2026-03-12 13:31:58 | INFO | Grid progress: 80/504
2026-03-12 13:32:00 | INFO | Grid progress: 100/504
2026-03-12 13:32:02 | INFO | Grid progress: 120/504
2026-03-12 13:32:03 | INFO | Grid progress: 140/504
2026-03-12 13:32:05 | INFO | Grid progress: 160/504
2026-03-12 13:32:07 | INFO | Grid progress: 180/504
2026-03-12 13:32:09 | INFO | Grid progress: 200/504
2026-03-12 13:32:11 | INFO | Grid progress: 220/504
2026-03-12 13:32:13 | INFO | Grid progress: 240/504
2026-03-12 13:32:16 | INFO | Grid progress: 260/504
2026-03-12 13:32:17 | INFO | Grid progress: 280/504
2026-03-12 13:32:20 | INFO | Grid progress: 300/504
2026-03-12 13:32:22 | INFO | Grid progress: 320/504
2026-03-12 13:32:24 | INFO | Grid progress: 340/504
2026-03-12 13:32:26 | INFO | Grid progress: 360/504
2026-03-12 13:32:28 | INFO | Grid progress: 380/504
2026-03-12 13:32:30 | INFO | Grid progress: 400/504
2026-03-12 13:32:31 | INFO | Grid progress: 420/504
2026-03-12 13:32:33 | INFO | Grid progress: 440/504
2026-03-12 13:32:35 | INFO | Grid progress: 460/504
2026-03-12 13:32:38 | INFO | Grid progress: 480/504
2026-03-12 13:32:40 | INFO | Grid progress: 500/504
2026-03-12 13:32:40 | INFO | Grid progress: 504/504
2026-03-12 13:32:40 | INFO | Top configurations selected: 12
2026-03-12 13:32:43 | INFO | Cluster assignments rows: 5016
2026-03-12 13:32:43 | INFO | Stability config 1/12: cfg_0067
2026-03-12 13:32:43 | INFO | Stability config 2/12: cfg_0081
2026-03-12 13:32:43 | INFO | Stability config 3/12: cfg_0039
2026-03-12 13:32:43 | INFO | Stability config 4/12: cfg_0185
2026-03-12 13:32:46 | INFO | Stability config 5/12: cfg_0029
2026-03-12 13:32:48 | INFO | Stability config 6/12: cfg_0043
2026-03-12 13:32:49 | INFO | Stability config 7/12: cfg_0448
2026-03-12 13:32:50 | INFO | Stability config 8/12: cfg_0445
2026-03-12 13:32:50 | INFO | Stability config 9/12: cfg_0443
2026-03-12 13:32:51 | INFO | Stability config 10/12: cfg_0440
2026-03-12 13:32:55 | INFO | Stability config 11/12: cfg_0436
2026-03-12 13:32:57 | INFO | Stability config 12/12: cfg_0295
2026-03-12 13:32:59 | INFO | Bootstrap stability computed: configs=12 n_bootstrap=30
2026-03-12 13:33:00 | INFO | Grid results path: D:\Projects\TS_fcst\artifacts\clustering\clustering_grid_results_v1.parquet
2026-03-12 13:33:00 | INFO | Top configs path: D:\Projects\TS_fcst\artifacts\clustering\top_clustering_configs_v1.parquet
2026-03-12 13:33:00 | INFO | Stability path: D:\Projects\TS_fcst\artifacts\clustering\clustering_stability_results_v1.parquet
2026-03-12 13:33:00 | INFO | Assignments path: D:\Projects\TS_fcst\artifacts\clustering\cluster_assignments_v1.parquet
2026-03-12 13:33:00 | INFO | Excel report path: D:\Projects\TS_fcst\artifacts\reports\clustering_experiments_v1.xlsx
2026-03-12 13:33:00 | INFO | Execution time: 71.66 sec
