2026-03-30 22:51:26 | INFO | Cluster forecasting analysis started
2026-03-30 22:51:26 | INFO | Config path: D:\Projects\TS_fcst\configs\cluster_forecasting_analysis_smoke_v1.yaml
2026-03-30 22:51:27 | INFO | Shortlisted clusterings requested: 4
2026-03-30 22:51:27 | INFO | Shortlisted clusterings available in assignments: 3
2026-03-30 22:51:27 | ERROR | Missing config_id in selected_configs: cfg_0192
2026-03-30 22:51:27 | ERROR | Missing config_id in cluster_assignments: cfg_0192
2026-03-30 22:51:29 | INFO | Joined rows (series_metrics): 9900
2026-03-30 22:51:29 | INFO | Joined rows (fold_metrics): 9900
2026-03-30 22:51:29 | INFO | Joined rows (raw_predictions): 9692661
2026-03-30 22:51:29 | INFO | Baseline naive_zero is available for all cluster/horizon combinations
2026-03-30 22:51:30 | INFO | Number of models: 11
2026-03-30 22:51:30 | INFO | Number of horizons: 3
2026-03-30 22:51:30 | INFO | Number of statistical tests: 396
2026-03-30 22:51:30 | INFO | Generated tables: 7
2026-03-30 22:51:30 | INFO | Output cluster_model_performance: D:\Projects\TS_fcst\artifacts\analysis\cluster_model_performance_v1.parquet
2026-03-30 22:51:30 | INFO | Output best_model_by_cluster: D:\Projects\TS_fcst\artifacts\analysis\best_model_by_cluster_v1.csv
2026-03-30 22:51:30 | INFO | Output clustering_utility: D:\Projects\TS_fcst\artifacts\analysis\clustering_utility_v1.csv
2026-03-30 22:51:30 | INFO | Output cluster_metric_tests: D:\Projects\TS_fcst\artifacts\analysis\cluster_metric_tests_v1.csv
2026-03-30 22:51:30 | INFO | Output tidy_cluster_model_metrics: D:\Projects\TS_fcst\artifacts\analysis\tidy_cluster_model_metrics_v1.parquet
2026-03-30 22:51:30 | INFO | Output tidy_series_cluster_metrics: D:\Projects\TS_fcst\artifacts\analysis\tidy_series_cluster_metrics_v1.parquet
2026-03-30 22:51:30 | INFO | Output excel_report: D:\Projects\TS_fcst\artifacts\reports\cluster_forecasting_analysis_v1.xlsx
2026-03-30 22:51:30 | INFO | Execution time: 4.74 sec
