2026-03-11 00:59:35 | INFO | Feature block D started
2026-03-11 00:59:35 | INFO | Dataset profile: core_balanced
2026-03-11 00:59:35 | INFO | Config path: D:\Projects\TS_fcst\configs\features_block_D_v1.yaml
2026-03-11 00:59:35 | INFO | Input rows: 826608
2026-03-11 00:59:35 | INFO | Input series: 418
2026-03-11 01:01:46 | INFO | Output series: 418
2026-03-11 01:01:46 | INFO | Series successful: 11
2026-03-11 01:01:46 | INFO | Series with warnings: 407
2026-03-11 01:01:46 | INFO | Warning rows: 407
2026-03-11 01:01:46 | INFO | Warning flag breakdown: {'fnn_threshold_not_met': 403, 'lyapunov_time_nonpositive_lle': 228}
2026-03-11 01:01:46 | INFO | NaN embedding_dimension: 0
2026-03-11 01:01:46 | INFO | NaN correlation_dimension: 0
2026-03-11 01:01:46 | INFO | NaN largest_lyapunov_exponent: 0
2026-03-11 01:01:46 | INFO | NaN lyapunov_time: 228
2026-03-11 01:01:46 | INFO | Tau selection breakdown: {'ami': 418, 'acf_zero': 0, 'acf_einv': 0, 'fallback_default': 0}
2026-03-11 01:01:46 | INFO | largest_lyapunov_exponent <= 0: 228
2026-03-11 01:01:46 | INFO | correlation_dimension < 0: 0
2026-03-11 01:01:46 | INFO | embedding_dimension outside bounds: 0
2026-03-11 01:01:46 | INFO | Ranges: {'selected_delay_tau': {'min': 2.0, 'max': 11.0, 'mean': 3.949760765550239, 'median': 4.0}, 'embedding_dimension': {'min': 5.0, 'max': 10.0, 'mean': 8.447368421052632, 'median': 9.0}, 'correlation_dimension': {'min': 0.394764136143342, 'max': 5.915275742538066, 'mean': 3.8316544631343787, 'median': 4.091540591193198}, 'largest_lyapunov_exponent': {'min': -0.03630793352000109, 'max': 0.05730420143123985, 'mean': -0.0008463984429436084, 'median': -0.0008432633728793733}, 'lyapunov_time': {'min': 17.450727434006993, 'max': 90967.00656980727, 'mean': 1060.1362567918454, 'median': 119.756262184284}}
2026-03-11 01:01:46 | INFO | Processing errors: 0
2026-03-11 01:01:46 | INFO | Parquet path: D:\Projects\TS_fcst\artifacts\features\features_block_D_v1.parquet
2026-03-11 01:01:46 | INFO | Excel path: D:\Projects\TS_fcst\artifacts\reports\features_block_D_v1.xlsx
2026-03-11 01:01:46 | INFO | Execution time: 131.58 sec
