2026-03-11 00:24:31 | INFO | Feature block B started
2026-03-11 00:24:31 | INFO | Dataset profile: core_balanced
2026-03-11 00:24:31 | INFO | Config path: D:\Projects\TS_fcst\configs\features_block_B_v1.yaml
2026-03-11 00:24:31 | INFO | Input rows: 826608
2026-03-11 00:24:31 | INFO | Input series: 418
2026-03-11 00:25:01 | INFO | Output series: 418
2026-03-11 00:25:01 | INFO | Series successful: 418
2026-03-11 00:25:01 | INFO | Series with warnings: 0
2026-03-11 00:25:01 | INFO | NaN spectral_slope_beta: 0
2026-03-11 00:25:01 | INFO | NaN spectral_entropy: 0
2026-03-11 00:25:01 | INFO | NaN spectral_flatness: 0
2026-03-11 00:25:01 | INFO | NaN noise_fn: 0
2026-03-11 00:25:01 | INFO | NaN permutation_entropy: 0
2026-03-11 00:25:01 | INFO | NaN lz_complexity: 0
2026-03-11 00:25:01 | INFO | NaN sample_entropy: 0
2026-03-11 00:25:01 | INFO | spectral_entropy < 0: 0
2026-03-11 00:25:01 | INFO | spectral_flatness < 0: 0
2026-03-11 00:25:01 | INFO | spectral_entropy outside [0,1]: 0
2026-03-11 00:25:01 | INFO | permutation_entropy outside [0,1]: 0
2026-03-11 00:25:01 | INFO | Processing errors: 0
2026-03-11 00:25:01 | INFO | Parquet path: D:\Projects\TS_fcst\artifacts\features\features_block_B_v1.parquet
2026-03-11 00:25:01 | INFO | Excel path: D:\Projects\TS_fcst\artifacts\reports\features_block_B_v1.xlsx
2026-03-11 00:25:01 | INFO | Execution time: 30.42 sec
